Library/Bee/Android/Prj/Mono2x/Gradle/launcher/build/intermediates/manifest_merge_blame_file/release/manifest-merger-blame-release-report.txt
1<?xml version="1.0" encoding="utf-8"?>
2<manifest xmlns:android="http://schemas.android.com/apk/res/android"
3    package="nl.roel.QRcode"
4    android:installLocation="preferExternal"
5    android:versionCode="1"
6    android:versionName="0.1" >
7
8    <uses-sdk
9        android:minSdkVersion="32"
9-->src\main\AndroidManifest.xml
10        android:targetSdkVersion="32" />
10-->src\main\AndroidManifest.xml
11
12    <supports-screens
12-->src\main\AndroidManifest.xml:3:3-163
13        android:anyDensity="true"
13-->src\main\AndroidManifest.xml:3:135-160
14        android:largeScreens="true"
14-->src\main\AndroidManifest.xml:3:78-105
15        android:normalScreens="true"
15-->src\main\AndroidManifest.xml:3:49-77
16        android:smallScreens="true"
16-->src\main\AndroidManifest.xml:3:21-48
17        android:xlargeScreens="true" />
17-->src\main\AndroidManifest.xml:3:106-134
18
19    <uses-permission android:name="android.permission.BLUETOOTH" />
19-->[:unityLibrary] AndroidManifest.xml:21:5-68
19-->[:unityLibrary] AndroidManifest.xml:21:22-65
20    <uses-permission android:name="android.permission.BLUETOOTH_ADMIN" />
20-->[:unityLibrary] AndroidManifest.xml:22:5-74
20-->[:unityLibrary] AndroidManifest.xml:22:22-71
21    <uses-permission android:name="android.permission.QUERY_ALL_PACKAGES" />
21-->[:unityLibrary] AndroidManifest.xml:23:5-77
21-->[:unityLibrary] AndroidManifest.xml:23:22-74
22
23    <uses-feature android:glEsVersion="0x00030000" />
23-->[:unityLibrary] AndroidManifest.xml:25:5-54
23-->[:unityLibrary] AndroidManifest.xml:25:19-51
24
25    <uses-permission android:name="android.permission.VIBRATE" />
25-->[:unityLibrary] AndroidManifest.xml:27:5-66
25-->[:unityLibrary] AndroidManifest.xml:27:22-63
26    <uses-permission android:name="android.permission.WRITE_EXTERNAL_STORAGE" />
26-->[:unityLibrary] AndroidManifest.xml:28:5-81
26-->[:unityLibrary] AndroidManifest.xml:28:22-78
27
28    <uses-feature
28-->[:unityLibrary] AndroidManifest.xml:30:5-32:36
29        android:name="android.hardware.touchscreen"
29-->[:unityLibrary] AndroidManifest.xml:31:9-52
30        android:required="false" />
30-->[:unityLibrary] AndroidManifest.xml:32:9-33
31    <uses-feature
31-->[:unityLibrary] AndroidManifest.xml:33:5-35:36
32        android:name="android.hardware.touchscreen.multitouch"
32-->[:unityLibrary] AndroidManifest.xml:34:9-63
33        android:required="false" />
33-->[:unityLibrary] AndroidManifest.xml:35:9-33
34    <uses-feature
34-->[:unityLibrary] AndroidManifest.xml:36:5-38:36
35        android:name="android.hardware.touchscreen.multitouch.distinct"
35-->[:unityLibrary] AndroidManifest.xml:37:9-72
36        android:required="false" />
36-->[:unityLibrary] AndroidManifest.xml:38:9-33
37
38    <application
38-->src\main\AndroidManifest.xml:4:3-83
39        android:extractNativeLibs="true"
39-->[:unityLibrary] AndroidManifest.xml:41:9-41
40        android:icon="@mipmap/app_icon"
40-->src\main\AndroidManifest.xml:4:49-80
41        android:label="@string/app_name"
41-->src\main\AndroidManifest.xml:4:16-48
42        android:theme="@style/UnityThemeSelector" >
42-->[:unityLibrary] AndroidManifest.xml:44:9-50
43        <activity
43-->[:unityLibrary] AndroidManifest.xml:45:9-62:20
44            android:name="com.unity3d.player.UnityPlayerActivity"
44-->[:unityLibrary] AndroidManifest.xml:46:13-66
45            android:configChanges="mcc|mnc|locale|touchscreen|keyboard|keyboardHidden|navigation|orientation|screenLayout|uiMode|screenSize|smallestScreenSize|fontScale|layoutDirection|density"
45-->[:unityLibrary] AndroidManifest.xml:47:13-194
46            android:exported="true"
46-->[:unityLibrary] AndroidManifest.xml:48:13-36
47            android:hardwareAccelerated="false"
47-->[:unityLibrary] AndroidManifest.xml:49:13-48
48            android:launchMode="singleTask"
48-->[:unityLibrary] AndroidManifest.xml:50:13-44
49            android:resizeableActivity="false"
49-->[:unityLibrary] AndroidManifest.xml:51:13-47
50            android:screenOrientation="portrait" >
50-->[:unityLibrary] AndroidManifest.xml:52:13-49
51            <intent-filter>
51-->[:unityLibrary] AndroidManifest.xml:53:13-57:29
52                <action android:name="android.intent.action.MAIN" />
52-->[:unityLibrary] AndroidManifest.xml:54:17-69
52-->[:unityLibrary] AndroidManifest.xml:54:25-66
53
54                <category android:name="android.intent.category.LAUNCHER" />
54-->[:unityLibrary] AndroidManifest.xml:56:17-77
54-->[:unityLibrary] AndroidManifest.xml:56:27-74
55            </intent-filter>
56
57            <meta-data
57-->[:unityLibrary] AndroidManifest.xml:59:13-61:40
58                android:name="android.notch_support"
58-->[:unityLibrary] AndroidManifest.xml:60:17-53
59                android:value="true" />
59-->[:unityLibrary] AndroidManifest.xml:61:17-37
60        </activity>
61
62        <meta-data
62-->[:unityLibrary] AndroidManifest.xml:64:9-66:36
63            android:name="nreal_sdk"
63-->[:unityLibrary] AndroidManifest.xml:65:13-37
64            android:value="true" />
64-->[:unityLibrary] AndroidManifest.xml:66:13-33
65        <meta-data
65-->[:unityLibrary] AndroidManifest.xml:67:9-69:33
66            android:name="unity.splash-mode"
66-->[:unityLibrary] AndroidManifest.xml:68:13-45
67            android:value="0" />
67-->[:unityLibrary] AndroidManifest.xml:69:13-30
68        <meta-data
68-->[:unityLibrary] AndroidManifest.xml:70:9-72:36
69            android:name="unity.splash-enable"
69-->[:unityLibrary] AndroidManifest.xml:71:13-47
70            android:value="True" />
70-->[:unityLibrary] AndroidManifest.xml:72:13-33
71        <meta-data
71-->[:unityLibrary] AndroidManifest.xml:73:9-75:36
72            android:name="unity.launch-fullscreen"
72-->[:unityLibrary] AndroidManifest.xml:74:13-51
73            android:value="True" />
73-->[:unityLibrary] AndroidManifest.xml:75:13-33
74        <meta-data
74-->[:unityLibrary] AndroidManifest.xml:76:9-78:37
75            android:name="unity.allow-resizable-window"
75-->[:unityLibrary] AndroidManifest.xml:77:13-56
76            android:value="False" />
76-->[:unityLibrary] AndroidManifest.xml:78:13-34
77        <meta-data
77-->[:unityLibrary] AndroidManifest.xml:79:9-81:50
78            android:name="notch.config"
78-->[:unityLibrary] AndroidManifest.xml:80:13-40
79            android:value="portrait|landscape" />
79-->[:unityLibrary] AndroidManifest.xml:81:13-47
80    </application>
81
82</manifest>